[16-Jan-2020 15:28:22 Europe/Berlin] PHP Notice:  Undefined variable: ime in D:\xampp\htdocs\Skinutdosadsajt\rezervacije\userClass.php on line 29
[16-Jan-2020 16:37:09 Europe/Berlin] PHP Notice:  Undefined variable: ime in D:\xampp\htdocs\Skinutdosadsajt\rezervacije\userClass.php on line 29
[16-Jan-2020 16:38:19 Europe/Berlin] PHP Notice:  Undefined variable: ime in D:\xampp\htdocs\Skinutdosadsajt\rezervacije\userClass.php on line 29
[16-Jan-2020 16:43:13 Europe/Berlin] PHP Notice:  Undefined variable: ime in D:\xampp\htdocs\Skinutdosadsajt\rezervacije\userClass.php on line 29
[16-Jan-2020 16:46:26 Europe/Berlin] PHP Notice:  Undefined variable: ime in D:\xampp\htdocs\Skinutdosadsajt\rezervacije\userClass.php on line 29
[16-Jan-2020 16:47:11 Europe/Berlin] PHP Notice:  Undefined variable: ime in D:\xampp\htdocs\Skinutdosadsajt\rezervacije\userClass.php on line 29
[16-Jan-2020 16:54:54 Europe/Berlin] PHP Parse error:  syntax error, unexpected '$q' (T_VARIABLE) in D:\xampp\htdocs\Skinutdosadsajt\rezervacije\userClass.php on line 71
[16-Jan-2020 16:55:06 Europe/Berlin] PHP Parse error:  syntax error, unexpected '$q' (T_VARIABLE) in D:\xampp\htdocs\Skinutdosadsajt\rezervacije\userClass.php on line 71
[16-Jan-2020 16:55:18 Europe/Berlin] PHP Notice:  Undefined variable: ime in D:\xampp\htdocs\Skinutdosadsajt\rezervacije\userClass.php on line 29
[16-Jan-2020 17:05:32 Europe/Berlin] PHP Warning:  count(): Parameter must be an array or an object that implements Countable in C:\xampp\htdocs\rezervacije\index.php on line 56
[16-Jan-2020 17:06:09 Europe/Berlin] PHP Warning:  count(): Parameter must be an array or an object that implements Countable in C:\xampp\htdocs\rezervacije\index.php on line 56
[16-Jan-2020 17:06:44 Europe/Berlin] PHP Warning:  count(): Parameter must be an array or an object that implements Countable in C:\xampp\htdocs\rezervacije\index.php on line 56
[16-Jan-2020 17:07:48 Europe/Berlin] PHP Notice:  Undefined variable: ime in C:\xampp\htdocs\rezervacije\userClass.php on line 29
[16-Jan-2020 17:08:23 Europe/Berlin] PHP Warning:  count(): Parameter must be an array or an object that implements Countable in C:\xampp\htdocs\rezervacije\index.php on line 56
[16-Jan-2020 17:10:35 Europe/Berlin] PHP Warning:  count(): Parameter must be an array or an object that implements Countable in C:\xampp\htdocs\rezervacije\index.php on line 56
[16-Jan-2020 17:10:43 Europe/Berlin] PHP Warning:  count(): Parameter must be an array or an object that implements Countable in C:\xampp\htdocs\rezervacije\index.php on line 56
[16-Jan-2020 17:11:35 Europe/Berlin] PHP Warning:  count(): Parameter must be an array or an object that implements Countable in C:\xampp\htdocs\rezervacije\index.php on line 56
[16-Jan-2020 17:11:54 Europe/Berlin] PHP Warning:  count(): Parameter must be an array or an object that implements Countable in C:\xampp\htdocs\rezervacije\index.php on line 56
[16-Jan-2020 17:12:36 Europe/Berlin] PHP Warning:  count(): Parameter must be an array or an object that implements Countable in C:\xampp\htdocs\rezervacije\index.php on line 56
[16-Jan-2020 17:12:38 Europe/Berlin] PHP Warning:  count(): Parameter must be an array or an object that implements Countable in C:\xampp\htdocs\rezervacije\index.php on line 56
[16-Jan-2020 17:12:41 Europe/Berlin] PHP Warning:  count(): Parameter must be an array or an object that implements Countable in C:\xampp\htdocs\rezervacije\index.php on line 56
[16-Jan-2020 17:14:06 Europe/Berlin] PHP Warning:  count(): Parameter must be an array or an object that implements Countable in C:\xampp\htdocs\rezervacije\index.php on line 56
[16-Jan-2020 17:14:38 Europe/Berlin] PHP Warning:  count(): Parameter must be an array or an object that implements Countable in C:\xampp\htdocs\rezervacije\index.php on line 56
[16-Jan-2020 17:14:53 Europe/Berlin] PHP Warning:  count(): Parameter must be an array or an object that implements Countable in C:\xampp\htdocs\rezervacije\index.php on line 56
[25-Jan-2020 23:29:23 Europe/Berlin] PHP Warning:  count(): Parameter must be an array or an object that implements Countable in C:\xampp\htdocs\letovi\index.php on line 56
[25-Jan-2020 23:30:11 Europe/Berlin] PHP Notice:  Undefined variable: ime in C:\xampp\htdocs\letovi\userClass.php on line 29
[25-Jan-2020 23:37:34 Europe/Berlin] PHP Warning:  count(): Parameter must be an array or an object that implements Countable in C:\xampp\htdocs\letovi\index.php on line 56
[06-Feb-2020 03:33:15 Europe/Berlin] PHP Warning:  count(): Parameter must be an array or an object that implements Countable in C:\xampp\htdocs\letovi\index.php on line 56
[06-Feb-2020 03:34:04 Europe/Berlin] PHP Warning:  count(): Parameter must be an array or an object that implements Countable in C:\xampp\htdocs\letovi\index.php on line 56
[06-Feb-2020 04:12:12 Europe/Berlin] PHP Warning:  count(): Parameter must be an array or an object that implements Countable in C:\xampp\htdocs\letovi\index.php on line 56
[06-Feb-2020 04:12:44 Europe/Berlin] PHP Warning:  count(): Parameter must be an array or an object that implements Countable in C:\xampp\htdocs\letovi\index.php on line 56
[06-Feb-2020 04:18:18 Europe/Berlin] PHP Warning:  count(): Parameter must be an array or an object that implements Countable in C:\xampp\htdocs\letovi\index.php on line 56
[06-Feb-2020 04:23:54 Europe/Berlin] PHP Warning:  count(): Parameter must be an array or an object that implements Countable in C:\xampp\htdocs\letovi\index.php on line 56
[06-Feb-2020 04:24:46 Europe/Berlin] PHP Warning:  count(): Parameter must be an array or an object that implements Countable in C:\xampp\htdocs\letovi\index.php on line 56
[06-Feb-2020 04:33:57 Europe/Berlin] PHP Warning:  count(): Parameter must be an array or an object that implements Countable in C:\xampp\htdocs\letovi\index.php on line 56
[06-Feb-2020 04:33:57 Europe/Berlin] PHP Warning:  count(): Parameter must be an array or an object that implements Countable in C:\xampp\htdocs\letovi\index.php on line 56
[06-Feb-2020 04:33:57 Europe/Berlin] PHP Warning:  count(): Parameter must be an array or an object that implements Countable in C:\xampp\htdocs\letovi\index.php on line 56
[06-Feb-2020 04:34:27 Europe/Berlin] PHP Warning:  count(): Parameter must be an array or an object that implements Countable in C:\xampp\htdocs\letovi\index.php on line 56
[06-Feb-2020 04:34:40 Europe/Berlin] PHP Warning:  count(): Parameter must be an array or an object that implements Countable in C:\xampp\htdocs\letovi\index.php on line 56
[06-Feb-2020 21:36:11 Europe/Berlin] PHP Warning:  count(): Parameter must be an array or an object that implements Countable in C:\xampp\htdocs\letovi\index.php on line 56
[06-Feb-2020 21:36:11 Europe/Berlin] PHP Warning:  count(): Parameter must be an array or an object that implements Countable in C:\xampp\htdocs\letovi\index.php on line 56
[06-Feb-2020 21:36:29 Europe/Berlin] PHP Warning:  count(): Parameter must be an array or an object that implements Countable in C:\xampp\htdocs\letovi\index.php on line 56
[06-Feb-2020 21:37:09 Europe/Berlin] PHP Warning:  count(): Parameter must be an array or an object that implements Countable in C:\xampp\htdocs\letovi\index.php on line 56
[06-Feb-2020 21:40:37 Europe/Berlin] PHP Warning:  count(): Parameter must be an array or an object that implements Countable in C:\xampp\htdocs\letovi\index.php on line 56
[06-Feb-2020 21:42:17 Europe/Berlin] PHP Warning:  count(): Parameter must be an array or an object that implements Countable in C:\xampp\htdocs\letovi\index.php on line 56
[06-Feb-2020 21:42:23 Europe/Berlin] PHP Warning:  count(): Parameter must be an array or an object that implements Countable in C:\xampp\htdocs\letovi\index.php on line 56
[06-Feb-2020 21:42:48 Europe/Berlin] PHP Warning:  count(): Parameter must be an array or an object that implements Countable in C:\xampp\htdocs\letovi\index.php on line 56
[06-Feb-2020 21:43:14 Europe/Berlin] PHP Warning:  count(): Parameter must be an array or an object that implements Countable in C:\xampp\htdocs\letovi\index.php on line 56
[06-Feb-2020 21:43:41 Europe/Berlin] PHP Warning:  count(): Parameter must be an array or an object that implements Countable in C:\xampp\htdocs\letovi\index.php on line 56
[06-Feb-2020 22:11:33 Europe/Berlin] PHP Warning:  count(): Parameter must be an array or an object that implements Countable in C:\xampp\htdocs\letovi\index.php on line 56
[06-Feb-2020 22:15:10 Europe/Berlin] PHP Warning:  count(): Parameter must be an array or an object that implements Countable in C:\xampp\htdocs\letovi\index.php on line 56
[06-Feb-2020 22:15:14 Europe/Berlin] PHP Warning:  count(): Parameter must be an array or an object that implements Countable in C:\xampp\htdocs\letovi\index.php on line 56
[06-Feb-2020 22:15:17 Europe/Berlin] PHP Warning:  count(): Parameter must be an array or an object that implements Countable in C:\xampp\htdocs\letovi\index.php on line 56
[06-Feb-2020 22:17:34 Europe/Berlin] PHP Warning:  count(): Parameter must be an array or an object that implements Countable in C:\xampp\htdocs\letovi\index.php on line 56
[06-Feb-2020 22:17:57 Europe/Berlin] PHP Warning:  count(): Parameter must be an array or an object that implements Countable in C:\xampp\htdocs\letovi\index.php on line 56
[06-Feb-2020 22:18:00 Europe/Berlin] PHP Warning:  count(): Parameter must be an array or an object that implements Countable in C:\xampp\htdocs\letovi\index.php on line 56
[06-Feb-2020 22:24:59 Europe/Berlin] PHP Warning:  count(): Parameter must be an array or an object that implements Countable in C:\xampp\htdocs\letovi\index.php on line 56
[06-Feb-2020 22:25:53 Europe/Berlin] PHP Warning:  count(): Parameter must be an array or an object that implements Countable in C:\xampp\htdocs\letovi\index.php on line 56
[06-Feb-2020 22:26:12 Europe/Berlin] PHP Warning:  count(): Parameter must be an array or an object that implements Countable in C:\xampp\htdocs\letovi\index.php on line 56
[06-Feb-2020 22:26:22 Europe/Berlin] PHP Warning:  count(): Parameter must be an array or an object that implements Countable in C:\xampp\htdocs\letovi\index.php on line 56
[06-Feb-2020 22:26:56 Europe/Berlin] PHP Warning:  count(): Parameter must be an array or an object that implements Countable in C:\xampp\htdocs\letovi\index.php on line 56
[06-Feb-2020 22:27:14 Europe/Berlin] PHP Warning:  count(): Parameter must be an array or an object that implements Countable in C:\xampp\htdocs\letovi\index.php on line 56
[06-Feb-2020 22:29:05 Europe/Berlin] PHP Warning:  count(): Parameter must be an array or an object that implements Countable in C:\xampp\htdocs\letovi\index.php on line 56
[06-Feb-2020 22:29:35 Europe/Berlin] PHP Warning:  count(): Parameter must be an array or an object that implements Countable in C:\xampp\htdocs\letovi\index.php on line 56
[06-Feb-2020 22:30:10 Europe/Berlin] PHP Warning:  count(): Parameter must be an array or an object that implements Countable in C:\xampp\htdocs\letovi\index.php on line 56
[06-Feb-2020 22:30:36 Europe/Berlin] PHP Warning:  count(): Parameter must be an array or an object that implements Countable in C:\xampp\htdocs\letovi\index.php on line 56
[06-Feb-2020 22:31:01 Europe/Berlin] PHP Warning:  count(): Parameter must be an array or an object that implements Countable in C:\xampp\htdocs\letovi\index.php on line 56
[06-Feb-2020 22:35:10 Europe/Berlin] PHP Warning:  count(): Parameter must be an array or an object that implements Countable in C:\xampp\htdocs\letovi\index.php on line 56
[06-Feb-2020 22:37:11 Europe/Berlin] PHP Warning:  count(): Parameter must be an array or an object that implements Countable in C:\xampp\htdocs\letovi\index.php on line 56
[06-Feb-2020 22:38:09 Europe/Berlin] PHP Warning:  count(): Parameter must be an array or an object that implements Countable in C:\xampp\htdocs\letovi\index.php on line 56
[06-Feb-2020 22:41:37 Europe/Berlin] PHP Warning:  count(): Parameter must be an array or an object that implements Countable in C:\xampp\htdocs\letovi\index.php on line 56
[06-Feb-2020 22:42:10 Europe/Berlin] PHP Warning:  count(): Parameter must be an array or an object that implements Countable in C:\xampp\htdocs\letovi\index.php on line 56
[06-Feb-2020 22:44:39 Europe/Berlin] PHP Warning:  count(): Parameter must be an array or an object that implements Countable in C:\xampp\htdocs\letovi\index.php on line 56
[06-Feb-2020 23:01:02 Europe/Berlin] PHP Warning:  count(): Parameter must be an array or an object that implements Countable in C:\xampp\htdocs\letovi\index.php on line 56
[06-Feb-2020 23:03:09 Europe/Berlin] PHP Warning:  count(): Parameter must be an array or an object that implements Countable in C:\xampp\htdocs\letovi\index.php on line 56
[06-Feb-2020 23:06:31 Europe/Berlin] PHP Warning:  count(): Parameter must be an array or an object that implements Countable in C:\xampp\htdocs\letovi\index.php on line 56
[06-Feb-2020 23:11:51 Europe/Berlin] PHP Warning:  count(): Parameter must be an array or an object that implements Countable in C:\xampp\htdocs\letovi\index.php on line 56
[06-Feb-2020 23:12:50 Europe/Berlin] PHP Warning:  count(): Parameter must be an array or an object that implements Countable in C:\xampp\htdocs\letovi\index.php on line 56
[06-Feb-2020 23:14:12 Europe/Berlin] PHP Warning:  count(): Parameter must be an array or an object that implements Countable in C:\xampp\htdocs\letovi\index.php on line 56
[06-Feb-2020 23:14:59 Europe/Berlin] PHP Warning:  count(): Parameter must be an array or an object that implements Countable in C:\xampp\htdocs\letovi\index.php on line 56
[06-Feb-2020 23:17:34 Europe/Berlin] PHP Warning:  count(): Parameter must be an array or an object that implements Countable in C:\xampp\htdocs\letovi\index.php on line 56
[06-Feb-2020 23:19:28 Europe/Berlin] PHP Warning:  count(): Parameter must be an array or an object that implements Countable in C:\xampp\htdocs\letovi\index.php on line 56
[06-Feb-2020 23:25:02 Europe/Berlin] PHP Warning:  count(): Parameter must be an array or an object that implements Countable in C:\xampp\htdocs\letovi\index.php on line 56
[06-Feb-2020 23:25:02 Europe/Berlin] PHP Warning:  count(): Parameter must be an array or an object that implements Countable in C:\xampp\htdocs\letovi\index.php on line 56
[06-Feb-2020 23:26:46 Europe/Berlin] PHP Warning:  count(): Parameter must be an array or an object that implements Countable in C:\xampp\htdocs\letovi\index.php on line 56
[06-Feb-2020 23:28:46 Europe/Berlin] PHP Warning:  count(): Parameter must be an array or an object that implements Countable in C:\xampp\htdocs\letovi\index.php on line 56
[06-Feb-2020 23:31:08 Europe/Berlin] PHP Warning:  count(): Parameter must be an array or an object that implements Countable in C:\xampp\htdocs\letovi\index.php on line 56
[06-Feb-2020 23:33:39 Europe/Berlin] PHP Warning:  count(): Parameter must be an array or an object that implements Countable in C:\xampp\htdocs\letovi\index.php on line 56
[06-Feb-2020 23:33:41 Europe/Berlin] PHP Warning:  count(): Parameter must be an array or an object that implements Countable in C:\xampp\htdocs\letovi\index.php on line 56
[06-Feb-2020 23:37:44 Europe/Berlin] PHP Notice:  Undefined variable: ime in C:\xampp\htdocs\letovi\userClass.php on line 29
[06-Feb-2020 23:45:00 Europe/Berlin] PHP Notice:  Undefined variable: ime in C:\xampp\htdocs\letovi\userClass.php on line 29
[06-Feb-2020 23:46:19 Europe/Berlin] PHP Warning:  count(): Parameter must be an array or an object that implements Countable in C:\xampp\htdocs\letovi\index.php on line 56
[07-Feb-2020 00:14:09 Europe/Berlin] PHP Warning:  count(): Parameter must be an array or an object that implements Countable in C:\xampp\htdocs\letovi\index.php on line 56
[07-Feb-2020 00:18:18 Europe/Berlin] PHP Warning:  count(): Parameter must be an array or an object that implements Countable in C:\xampp\htdocs\letovi\index.php on line 56
[07-Feb-2020 00:23:13 Europe/Berlin] PHP Notice:  Undefined variable: ime in C:\xampp\htdocs\letovi\userClass.php on line 29
[07-Feb-2020 00:23:34 Europe/Berlin] PHP Notice:  Undefined variable: ime in C:\xampp\htdocs\letovi\userClass.php on line 29
[07-Feb-2020 00:27:58 Europe/Berlin] PHP Warning:  count(): Parameter must be an array or an object that implements Countable in C:\xampp\htdocs\letovi\index.php on line 56
[07-Feb-2020 00:29:41 Europe/Berlin] PHP Warning:  count(): Parameter must be an array or an object that implements Countable in C:\xampp\htdocs\letovi\index.php on line 56
[07-Feb-2020 00:38:31 Europe/Berlin] PHP Warning:  count(): Parameter must be an array or an object that implements Countable in C:\xampp\htdocs\letovi\index.php on line 56
[07-Feb-2020 00:39:43 Europe/Berlin] PHP Notice:  Undefined variable: ime in C:\xampp\htdocs\letovi\userClass.php on line 29
[07-Feb-2020 00:41:11 Europe/Berlin] PHP Warning:  count(): Parameter must be an array or an object that implements Countable in C:\xampp\htdocs\letovi\index.php on line 56
[07-Feb-2020 00:53:07 Europe/Berlin] PHP Warning:  count(): Parameter must be an array or an object that implements Countable in C:\xampp\htdocs\letovi\index.php on line 56
[07-Feb-2020 00:58:28 Europe/Berlin] PHP Warning:  count(): Parameter must be an array or an object that implements Countable in C:\xampp\htdocs\letovi\index.php on line 56
[07-Feb-2020 00:58:39 Europe/Berlin] PHP Warning:  count(): Parameter must be an array or an object that implements Countable in C:\xampp\htdocs\letovi\index.php on line 56
[07-Feb-2020 00:59:31 Europe/Berlin] PHP Warning:  count(): Parameter must be an array or an object that implements Countable in C:\xampp\htdocs\letovi\index.php on line 56
[07-Feb-2020 01:00:44 Europe/Berlin] PHP Warning:  count(): Parameter must be an array or an object that implements Countable in C:\xampp\htdocs\letovi\index.php on line 56
[07-Feb-2020 01:53:44 Europe/Berlin] PHP Warning:  count(): Parameter must be an array or an object that implements Countable in C:\xampp\htdocs\letovi\index.php on line 56
[07-Feb-2020 02:05:16 Europe/Berlin] PHP Warning:  count(): Parameter must be an array or an object that implements Countable in C:\xampp\htdocs\letovi\index.php on line 56
[07-Feb-2020 02:06:21 Europe/Berlin] PHP Warning:  count(): Parameter must be an array or an object that implements Countable in C:\xampp\htdocs\letovi\index.php on line 56
[07-Feb-2020 02:43:31 Europe/Berlin] PHP Warning:  count(): Parameter must be an array or an object that implements Countable in C:\xampp\htdocs\letovi\index.php on line 56
[07-Feb-2020 02:46:18 Europe/Berlin] PHP Warning:  count(): Parameter must be an array or an object that implements Countable in C:\xampp\htdocs\letovi\index.php on line 56
[07-Feb-2020 02:46:48 Europe/Berlin] PHP Warning:  count(): Parameter must be an array or an object that implements Countable in C:\xampp\htdocs\letovi\index.php on line 56
[07-Feb-2020 02:47:24 Europe/Berlin] PHP Warning:  count(): Parameter must be an array or an object that implements Countable in C:\xampp\htdocs\letovi\index.php on line 56
[07-Feb-2020 02:48:07 Europe/Berlin] PHP Warning:  count(): Parameter must be an array or an object that implements Countable in C:\xampp\htdocs\letovi\index.php on line 56
[07-Feb-2020 02:48:48 Europe/Berlin] PHP Warning:  count(): Parameter must be an array or an object that implements Countable in C:\xampp\htdocs\letovi\index.php on line 56
[07-Feb-2020 02:49:27 Europe/Berlin] PHP Warning:  count(): Parameter must be an array or an object that implements Countable in C:\xampp\htdocs\letovi\index.php on line 56
[07-Feb-2020 02:50:24 Europe/Berlin] PHP Warning:  count(): Parameter must be an array or an object that implements Countable in C:\xampp\htdocs\letovi\index.php on line 56
[07-Feb-2020 10:07:56 Europe/Berlin] PHP Warning:  count(): Parameter must be an array or an object that implements Countable in C:\xampp\htdocs\letovi\index.php on line 56
[07-Feb-2020 13:23:49 Europe/Berlin] PHP Warning:  count(): Parameter must be an array or an object that implements Countable in C:\xampp\htdocs\letovi\index.php on line 56
[07-Feb-2020 13:24:36 Europe/Berlin] PHP Warning:  count(): Parameter must be an array or an object that implements Countable in C:\xampp\htdocs\letovi\index.php on line 56
[07-Feb-2020 13:25:35 Europe/Berlin] PHP Warning:  count(): Parameter must be an array or an object that implements Countable in C:\xampp\htdocs\letovi\index.php on line 56
[07-Feb-2020 13:25:42 Europe/Berlin] PHP Warning:  count(): Parameter must be an array or an object that implements Countable in C:\xampp\htdocs\letovi\index.php on line 56
[07-Feb-2020 13:25:54 Europe/Berlin] PHP Warning:  count(): Parameter must be an array or an object that implements Countable in C:\xampp\htdocs\letovi\index.php on line 56
[07-Feb-2020 13:29:25 Europe/Berlin] PHP Warning:  count(): Parameter must be an array or an object that implements Countable in C:\xampp\htdocs\letovi\index.php on line 56
[07-Feb-2020 13:29:28 Europe/Berlin] PHP Warning:  count(): Parameter must be an array or an object that implements Countable in C:\xampp\htdocs\letovi\index.php on line 56
[07-Feb-2020 14:17:46 Europe/Berlin] PHP Warning:  count(): Parameter must be an array or an object that implements Countable in C:\xampp\htdocs\letovi\index.php on line 56
[07-Feb-2020 14:17:56 Europe/Berlin] PHP Warning:  count(): Parameter must be an array or an object that implements Countable in C:\xampp\htdocs\letovi\index.php on line 56
[07-Feb-2020 14:19:54 Europe/Berlin] PHP Notice:  Undefined variable: ime in C:\xampp\htdocs\letovi\userClass.php on line 29
[07-Feb-2020 14:20:05 Europe/Berlin] PHP Notice:  Undefined variable: ime in C:\xampp\htdocs\letovi\userClass.php on line 29
[07-Feb-2020 14:20:09 Europe/Berlin] PHP Notice:  Undefined variable: ime in C:\xampp\htdocs\letovi\userClass.php on line 29
[07-Feb-2020 14:20:19 Europe/Berlin] PHP Notice:  Undefined variable: ime in C:\xampp\htdocs\letovi\userClass.php on line 29
[07-Feb-2020 14:27:12 Europe/Berlin] PHP Notice:  Undefined variable: ime in C:\xampp\htdocs\letovi\userClass.php on line 29
[07-Feb-2020 14:34:45 Europe/Berlin] PHP Warning:  count(): Parameter must be an array or an object that implements Countable in C:\xampp\htdocs\letovi\index.php on line 56
[07-Feb-2020 14:48:20 Europe/Berlin] PHP Notice:  Trying to get property 'name' of non-object in C:\xampp\htdocs\letovi\footer.php on line 61
[07-Feb-2020 14:48:20 Europe/Berlin] PHP Notice:  Trying to get property 'weather' of non-object in C:\xampp\htdocs\letovi\footer.php on line 65
[07-Feb-2020 14:48:20 Europe/Berlin] PHP Notice:  Trying to get property 'description' of non-object in C:\xampp\htdocs\letovi\footer.php on line 65
[07-Feb-2020 14:48:20 Europe/Berlin] PHP Notice:  Trying to get property 'weather' of non-object in C:\xampp\htdocs\letovi\footer.php on line 69
[07-Feb-2020 14:48:20 Europe/Berlin] PHP Notice:  Trying to get property 'icon' of non-object in C:\xampp\htdocs\letovi\footer.php on line 69
[07-Feb-2020 14:48:20 Europe/Berlin] PHP Notice:  Trying to get property 'main' of non-object in C:\xampp\htdocs\letovi\footer.php on line 70
[07-Feb-2020 14:48:20 Europe/Berlin] PHP Notice:  Trying to get property 'temp_max' of non-object in C:\xampp\htdocs\letovi\footer.php on line 70
[07-Feb-2020 14:48:20 Europe/Berlin] PHP Notice:  Trying to get property 'main' of non-object in C:\xampp\htdocs\letovi\footer.php on line 71
[07-Feb-2020 14:48:20 Europe/Berlin] PHP Notice:  Trying to get property 'temp_min' of non-object in C:\xampp\htdocs\letovi\footer.php on line 71
[07-Feb-2020 14:48:20 Europe/Berlin] PHP Notice:  Trying to get property 'main' of non-object in C:\xampp\htdocs\letovi\footer.php on line 74
[07-Feb-2020 14:48:20 Europe/Berlin] PHP Notice:  Trying to get property 'humidity' of non-object in C:\xampp\htdocs\letovi\footer.php on line 74
[07-Feb-2020 14:48:20 Europe/Berlin] PHP Notice:  Trying to get property 'wind' of non-object in C:\xampp\htdocs\letovi\footer.php on line 75
[07-Feb-2020 14:48:20 Europe/Berlin] PHP Notice:  Trying to get property 'speed' of non-object in C:\xampp\htdocs\letovi\footer.php on line 75
[07-Feb-2020 15:33:54 Europe/Berlin] PHP Notice:  Undefined variable: ime in C:\xampp\htdocs\letovi\userClass.php on line 29
[07-Feb-2020 15:44:38 Europe/Berlin] PHP Warning:  count(): Parameter must be an array or an object that implements Countable in C:\xampp\htdocs\letovi\index.php on line 56
[07-Feb-2020 15:45:13 Europe/Berlin] PHP Warning:  count(): Parameter must be an array or an object that implements Countable in C:\xampp\htdocs\letovi\index.php on line 56
[07-Feb-2020 15:47:54 Europe/Berlin] PHP Warning:  count(): Parameter must be an array or an object that implements Countable in C:\xampp\htdocs\letovi\index.php on line 56
[07-Feb-2020 15:50:50 Europe/Berlin] PHP Warning:  count(): Parameter must be an array or an object that implements Countable in C:\xampp\htdocs\letovi\index.php on line 56
[07-Feb-2020 15:53:24 Europe/Berlin] PHP Warning:  count(): Parameter must be an array or an object that implements Countable in C:\xampp\htdocs\letovi\index.php on line 56
[07-Feb-2020 16:16:24 Europe/Berlin] PHP Warning:  count(): Parameter must be an array or an object that implements Countable in C:\xampp\htdocs\letovi\index.php on line 56
[07-Feb-2020 16:16:26 Europe/Berlin] PHP Warning:  count(): Parameter must be an array or an object that implements Countable in C:\xampp\htdocs\letovi\index.php on line 56
[07-Feb-2020 16:17:17 Europe/Berlin] PHP Notice:  Undefined variable: ime in C:\xampp\htdocs\letovi\userClass.php on line 29
[07-Feb-2020 16:19:09 Europe/Berlin] PHP Warning:  count(): Parameter must be an array or an object that implements Countable in C:\xampp\htdocs\letovi\index.php on line 56
[07-Feb-2020 16:32:48 Europe/Berlin] PHP Warning:  count(): Parameter must be an array or an object that implements Countable in C:\xampp\htdocs\letovi\index.php on line 56
[07-Feb-2020 16:33:56 Europe/Berlin] PHP Notice:  Undefined variable: ime in C:\xampp\htdocs\letovi\userClass.php on line 29
[07-Feb-2020 16:35:56 Europe/Berlin] PHP Warning:  count(): Parameter must be an array or an object that implements Countable in C:\xampp\htdocs\letovi\index.php on line 56
[07-Feb-2020 16:37:13 Europe/Berlin] PHP Fatal error:  Maximum execution time of 30 seconds exceeded in C:\xampp\htdocs\letovi\footer.php on line 34
[07-Feb-2020 16:41:35 Europe/Berlin] PHP Warning:  count(): Parameter must be an array or an object that implements Countable in C:\xampp\htdocs\letovi\index.php on line 56
[07-Feb-2020 16:41:46 Europe/Berlin] PHP Notice:  Trying to get property 'name' of non-object in C:\xampp\htdocs\letovi\footer.php on line 61
[07-Feb-2020 16:41:46 Europe/Berlin] PHP Notice:  Trying to get property 'weather' of non-object in C:\xampp\htdocs\letovi\footer.php on line 65
[07-Feb-2020 16:41:46 Europe/Berlin] PHP Notice:  Trying to get property 'description' of non-object in C:\xampp\htdocs\letovi\footer.php on line 65
[07-Feb-2020 16:41:46 Europe/Berlin] PHP Notice:  Trying to get property 'weather' of non-object in C:\xampp\htdocs\letovi\footer.php on line 69
[07-Feb-2020 16:41:46 Europe/Berlin] PHP Notice:  Trying to get property 'icon' of non-object in C:\xampp\htdocs\letovi\footer.php on line 69
[07-Feb-2020 16:41:46 Europe/Berlin] PHP Notice:  Trying to get property 'main' of non-object in C:\xampp\htdocs\letovi\footer.php on line 70
[07-Feb-2020 16:41:46 Europe/Berlin] PHP Notice:  Trying to get property 'temp_max' of non-object in C:\xampp\htdocs\letovi\footer.php on line 70
[07-Feb-2020 16:41:46 Europe/Berlin] PHP Notice:  Trying to get property 'main' of non-object in C:\xampp\htdocs\letovi\footer.php on line 71
[07-Feb-2020 16:41:46 Europe/Berlin] PHP Notice:  Trying to get property 'temp_min' of non-object in C:\xampp\htdocs\letovi\footer.php on line 71
[07-Feb-2020 16:41:46 Europe/Berlin] PHP Notice:  Trying to get property 'main' of non-object in C:\xampp\htdocs\letovi\footer.php on line 74
[07-Feb-2020 16:41:46 Europe/Berlin] PHP Notice:  Trying to get property 'humidity' of non-object in C:\xampp\htdocs\letovi\footer.php on line 74
[07-Feb-2020 16:41:46 Europe/Berlin] PHP Notice:  Trying to get property 'wind' of non-object in C:\xampp\htdocs\letovi\footer.php on line 75
[07-Feb-2020 16:41:46 Europe/Berlin] PHP Notice:  Trying to get property 'speed' of non-object in C:\xampp\htdocs\letovi\footer.php on line 75
[07-Feb-2020 16:42:17 Europe/Berlin] PHP Warning:  count(): Parameter must be an array or an object that implements Countable in C:\xampp\htdocs\letovi\index.php on line 56
[07-Feb-2020 16:46:57 Europe/Berlin] PHP Warning:  count(): Parameter must be an array or an object that implements Countable in C:\xampp\htdocs\letovi\index.php on line 56
[07-Feb-2020 17:54:47 Europe/Berlin] PHP Warning:  count(): Parameter must be an array or an object that implements Countable in C:\xampp\htdocs\letovi\index.php on line 56
[07-Feb-2020 17:55:27 Europe/Berlin] PHP Warning:  count(): Parameter must be an array or an object that implements Countable in C:\xampp\htdocs\letovi\index.php on line 56
[07-Feb-2020 18:09:18 Europe/Berlin] PHP Warning:  count(): Parameter must be an array or an object that implements Countable in C:\xampp\htdocs\letovi\index.php on line 56
[07-Feb-2020 18:17:57 Europe/Berlin] PHP Warning:  count(): Parameter must be an array or an object that implements Countable in C:\xampp\htdocs\letovi\index.php on line 56
[07-Feb-2020 18:18:04 Europe/Berlin] PHP Notice:  Trying to get property 'name' of non-object in C:\xampp\htdocs\letovi\footer.php on line 61
[07-Feb-2020 18:18:04 Europe/Berlin] PHP Notice:  Trying to get property 'weather' of non-object in C:\xampp\htdocs\letovi\footer.php on line 65
[07-Feb-2020 18:18:04 Europe/Berlin] PHP Notice:  Trying to get property 'description' of non-object in C:\xampp\htdocs\letovi\footer.php on line 65
[07-Feb-2020 18:18:04 Europe/Berlin] PHP Notice:  Trying to get property 'weather' of non-object in C:\xampp\htdocs\letovi\footer.php on line 69
[07-Feb-2020 18:18:04 Europe/Berlin] PHP Notice:  Trying to get property 'icon' of non-object in C:\xampp\htdocs\letovi\footer.php on line 69
[07-Feb-2020 18:18:04 Europe/Berlin] PHP Notice:  Trying to get property 'main' of non-object in C:\xampp\htdocs\letovi\footer.php on line 70
[07-Feb-2020 18:18:04 Europe/Berlin] PHP Notice:  Trying to get property 'temp_max' of non-object in C:\xampp\htdocs\letovi\footer.php on line 70
[07-Feb-2020 18:18:04 Europe/Berlin] PHP Notice:  Trying to get property 'main' of non-object in C:\xampp\htdocs\letovi\footer.php on line 71
[07-Feb-2020 18:18:04 Europe/Berlin] PHP Notice:  Trying to get property 'temp_min' of non-object in C:\xampp\htdocs\letovi\footer.php on line 71
[07-Feb-2020 18:18:04 Europe/Berlin] PHP Notice:  Trying to get property 'main' of non-object in C:\xampp\htdocs\letovi\footer.php on line 74
[07-Feb-2020 18:18:04 Europe/Berlin] PHP Notice:  Trying to get property 'humidity' of non-object in C:\xampp\htdocs\letovi\footer.php on line 74
[07-Feb-2020 18:18:04 Europe/Berlin] PHP Notice:  Trying to get property 'wind' of non-object in C:\xampp\htdocs\letovi\footer.php on line 75
[07-Feb-2020 18:18:04 Europe/Berlin] PHP Notice:  Trying to get property 'speed' of non-object in C:\xampp\htdocs\letovi\footer.php on line 75
[07-Feb-2020 18:18:12 Europe/Berlin] PHP Warning:  count(): Parameter must be an array or an object that implements Countable in C:\xampp\htdocs\letovi\index.php on line 56
[07-Feb-2020 18:18:12 Europe/Berlin] PHP Notice:  Trying to get property 'name' of non-object in C:\xampp\htdocs\letovi\footer.php on line 61
[07-Feb-2020 18:18:12 Europe/Berlin] PHP Notice:  Trying to get property 'weather' of non-object in C:\xampp\htdocs\letovi\footer.php on line 65
[07-Feb-2020 18:18:12 Europe/Berlin] PHP Notice:  Trying to get property 'description' of non-object in C:\xampp\htdocs\letovi\footer.php on line 65
[07-Feb-2020 18:18:12 Europe/Berlin] PHP Notice:  Trying to get property 'weather' of non-object in C:\xampp\htdocs\letovi\footer.php on line 69
[07-Feb-2020 18:18:12 Europe/Berlin] PHP Notice:  Trying to get property 'icon' of non-object in C:\xampp\htdocs\letovi\footer.php on line 69
[07-Feb-2020 18:18:12 Europe/Berlin] PHP Notice:  Trying to get property 'main' of non-object in C:\xampp\htdocs\letovi\footer.php on line 70
[07-Feb-2020 18:18:12 Europe/Berlin] PHP Notice:  Trying to get property 'temp_max' of non-object in C:\xampp\htdocs\letovi\footer.php on line 70
[07-Feb-2020 18:18:12 Europe/Berlin] PHP Notice:  Trying to get property 'main' of non-object in C:\xampp\htdocs\letovi\footer.php on line 71
[07-Feb-2020 18:18:12 Europe/Berlin] PHP Notice:  Trying to get property 'temp_min' of non-object in C:\xampp\htdocs\letovi\footer.php on line 71
[07-Feb-2020 18:18:12 Europe/Berlin] PHP Notice:  Trying to get property 'main' of non-object in C:\xampp\htdocs\letovi\footer.php on line 74
[07-Feb-2020 18:18:12 Europe/Berlin] PHP Notice:  Trying to get property 'humidity' of non-object in C:\xampp\htdocs\letovi\footer.php on line 74
[07-Feb-2020 18:18:12 Europe/Berlin] PHP Notice:  Trying to get property 'wind' of non-object in C:\xampp\htdocs\letovi\footer.php on line 75
[07-Feb-2020 18:18:12 Europe/Berlin] PHP Notice:  Trying to get property 'speed' of non-object in C:\xampp\htdocs\letovi\footer.php on line 75
[07-Feb-2020 18:18:16 Europe/Berlin] PHP Warning:  count(): Parameter must be an array or an object that implements Countable in C:\xampp\htdocs\letovi\index.php on line 56
[07-Feb-2020 18:18:16 Europe/Berlin] PHP Notice:  Trying to get property 'name' of non-object in C:\xampp\htdocs\letovi\footer.php on line 61
[07-Feb-2020 18:18:16 Europe/Berlin] PHP Notice:  Trying to get property 'weather' of non-object in C:\xampp\htdocs\letovi\footer.php on line 65
[07-Feb-2020 18:18:16 Europe/Berlin] PHP Notice:  Trying to get property 'description' of non-object in C:\xampp\htdocs\letovi\footer.php on line 65
[07-Feb-2020 18:18:16 Europe/Berlin] PHP Notice:  Trying to get property 'weather' of non-object in C:\xampp\htdocs\letovi\footer.php on line 69
[07-Feb-2020 18:18:16 Europe/Berlin] PHP Notice:  Trying to get property 'icon' of non-object in C:\xampp\htdocs\letovi\footer.php on line 69
[07-Feb-2020 18:18:16 Europe/Berlin] PHP Notice:  Trying to get property 'main' of non-object in C:\xampp\htdocs\letovi\footer.php on line 70
[07-Feb-2020 18:18:16 Europe/Berlin] PHP Notice:  Trying to get property 'temp_max' of non-object in C:\xampp\htdocs\letovi\footer.php on line 70
[07-Feb-2020 18:18:16 Europe/Berlin] PHP Notice:  Trying to get property 'main' of non-object in C:\xampp\htdocs\letovi\footer.php on line 71
[07-Feb-2020 18:18:16 Europe/Berlin] PHP Notice:  Trying to get property 'temp_min' of non-object in C:\xampp\htdocs\letovi\footer.php on line 71
[07-Feb-2020 18:18:16 Europe/Berlin] PHP Notice:  Trying to get property 'main' of non-object in C:\xampp\htdocs\letovi\footer.php on line 74
[07-Feb-2020 18:18:16 Europe/Berlin] PHP Notice:  Trying to get property 'humidity' of non-object in C:\xampp\htdocs\letovi\footer.php on line 74
[07-Feb-2020 18:18:16 Europe/Berlin] PHP Notice:  Trying to get property 'wind' of non-object in C:\xampp\htdocs\letovi\footer.php on line 75
[07-Feb-2020 18:18:16 Europe/Berlin] PHP Notice:  Trying to get property 'speed' of non-object in C:\xampp\htdocs\letovi\footer.php on line 75
[07-Feb-2020 18:21:51 Europe/Berlin] PHP Warning:  count(): Parameter must be an array or an object that implements Countable in C:\xampp\htdocs\letovi\index.php on line 56
[07-Feb-2020 18:27:49 Europe/Berlin] PHP Notice:  Undefined variable: ime in C:\xampp\htdocs\letovi\userClass.php on line 29
[08-Feb-2020 02:12:02 Europe/Berlin] PHP Warning:  count(): Parameter must be an array or an object that implements Countable in C:\xampp\htdocs\letovi\index.php on line 56
[08-Feb-2020 02:18:17 Europe/Berlin] PHP Warning:  count(): Parameter must be an array or an object that implements Countable in C:\xampp\htdocs\letovi\index.php on line 56
[08-Feb-2020 02:18:35 Europe/Berlin] PHP Warning:  count(): Parameter must be an array or an object that implements Countable in C:\xampp\htdocs\letovi\index.php on line 56
[08-Feb-2020 02:18:42 Europe/Berlin] PHP Warning:  count(): Parameter must be an array or an object that implements Countable in C:\xampp\htdocs\letovi\index.php on line 56
[08-Feb-2020 02:18:51 Europe/Berlin] PHP Warning:  count(): Parameter must be an array or an object that implements Countable in C:\xampp\htdocs\letovi\index.php on line 56
[08-Feb-2020 03:13:21 Europe/Berlin] PHP Warning:  count(): Parameter must be an array or an object that implements Countable in C:\xampp\htdocs\letovi\index.php on line 56
[08-Feb-2020 03:24:00 Europe/Berlin] PHP Warning:  count(): Parameter must be an array or an object that implements Countable in C:\xampp\htdocs\letovi\index.php on line 56
[08-Feb-2020 03:52:50 Europe/Berlin] PHP Warning:  count(): Parameter must be an array or an object that implements Countable in C:\xampp\htdocs\letovi\index.php on line 56
[08-Feb-2020 04:17:55 Europe/Berlin] PHP Warning:  count(): Parameter must be an array or an object that implements Countable in C:\xampp\htdocs\letovi\index.php on line 56
[08-Feb-2020 04:18:54 Europe/Berlin] PHP Warning:  count(): Parameter must be an array or an object that implements Countable in C:\xampp\htdocs\letovi\index.php on line 56
[08-Feb-2020 14:41:02 Europe/Berlin] PHP Warning:  count(): Parameter must be an array or an object that implements Countable in C:\xampp\htdocs\letovi\index.php on line 56
[08-Feb-2020 15:10:07 Europe/Berlin] PHP Notice:  Undefined variable: ime in C:\xampp\htdocs\letovi\userClass.php on line 29
[08-Feb-2020 15:11:52 Europe/Berlin] PHP Warning:  count(): Parameter must be an array or an object that implements Countable in C:\xampp\htdocs\letovi\index.php on line 56
[08-Feb-2020 15:21:12 Europe/Berlin] PHP Warning:  count(): Parameter must be an array or an object that implements Countable in C:\xampp\htdocs\letovi\index.php on line 56
[08-Feb-2020 15:39:09 Europe/Berlin] PHP Warning:  count(): Parameter must be an array or an object that implements Countable in C:\xampp\htdocs\letovi\index.php on line 56
[08-Feb-2020 18:13:02 Europe/Berlin] PHP Warning:  count(): Parameter must be an array or an object that implements Countable in C:\xampp\htdocs\letovi\index.php on line 56
[08-Feb-2020 18:13:45 Europe/Berlin] PHP Warning:  count(): Parameter must be an array or an object that implements Countable in C:\xampp\htdocs\letovi\index.php on line 56
[08-Feb-2020 18:14:07 Europe/Berlin] PHP Warning:  count(): Parameter must be an array or an object that implements Countable in C:\xampp\htdocs\letovi\index.php on line 56
[08-Feb-2020 18:14:26 Europe/Berlin] PHP Warning:  count(): Parameter must be an array or an object that implements Countable in C:\xampp\htdocs\letovi\index.php on line 56
[08-Feb-2020 18:32:45 Europe/Berlin] PHP Warning:  count(): Parameter must be an array or an object that implements Countable in C:\xampp\htdocs\letovi\index.php on line 56
[08-Feb-2020 18:33:39 Europe/Berlin] PHP Notice:  Undefined variable: ime in C:\xampp\htdocs\letovi\userClass.php on line 29
[09-Feb-2020 13:20:48 Europe/Berlin] PHP Warning:  count(): Parameter must be an array or an object that implements Countable in C:\xampp\htdocs\letovi\index.php on line 56
[06-Jul-2021 15:16:00 Europe/Berlin] PHP Warning:  count(): Parameter must be an array or an object that implements Countable in C:\xampp\htdocs\letovi\index.php on line 57
[06-Jul-2021 15:16:12 Europe/Berlin] PHP Warning:  count(): Parameter must be an array or an object that implements Countable in C:\xampp\htdocs\letovi\index.php on line 57
[06-Jul-2021 15:16:33 Europe/Berlin] PHP Warning:  count(): Parameter must be an array or an object that implements Countable in C:\xampp\htdocs\letovi\index.php on line 57
[06-Jul-2021 15:22:47 Europe/Berlin] PHP Warning:  count(): Parameter must be an array or an object that implements Countable in C:\xampp\htdocs\letovi\index.php on line 57
[06-Jul-2021 15:31:58 Europe/Berlin] PHP Notice:  Undefined variable: ime in C:\xampp\htdocs\letovi\userClass.php on line 30
[06-Jul-2021 15:33:00 Europe/Berlin] PHP Warning:  count(): Parameter must be an array or an object that implements Countable in C:\xampp\htdocs\letovi\index.php on line 57
[06-Jul-2021 15:33:02 Europe/Berlin] PHP Warning:  count(): Parameter must be an array or an object that implements Countable in C:\xampp\htdocs\letovi\index.php on line 57
[06-Jul-2021 15:37:22 Europe/Berlin] PHP Warning:  count(): Parameter must be an array or an object that implements Countable in C:\xampp\htdocs\letovi\index.php on line 57
[06-Jul-2021 15:39:58 Europe/Berlin] PHP Warning:  count(): Parameter must be an array or an object that implements Countable in C:\xampp\htdocs\letovi\index.php on line 57
[06-Jul-2021 15:50:53 Europe/Berlin] PHP Warning:  count(): Parameter must be an array or an object that implements Countable in C:\xampp\htdocs\letovi\index.php on line 57
[06-Jul-2021 16:04:56 Europe/Berlin] PHP Warning:  count(): Parameter must be an array or an object that implements Countable in C:\xampp\htdocs\letovi\index.php on line 57
[07-Jul-2021 08:35:24 Europe/Berlin] PHP Warning:  count(): Parameter must be an array or an object that implements Countable in C:\xampp\htdocs\letovi\index.php on line 57
[07-Jul-2021 08:54:29 Europe/Berlin] PHP Warning:  count(): Parameter must be an array or an object that implements Countable in C:\xampp\htdocs\letovi\index.php on line 57
[07-Jul-2021 09:00:55 Europe/Berlin] PHP Warning:  count(): Parameter must be an array or an object that implements Countable in C:\xampp\htdocs\letovi\index.php on line 57
[07-Jul-2021 09:07:46 Europe/Berlin] PHP Warning:  count(): Parameter must be an array or an object that implements Countable in C:\xampp\htdocs\letovi\index.php on line 57
[07-Jul-2021 09:07:50 Europe/Berlin] PHP Warning:  count(): Parameter must be an array or an object that implements Countable in C:\xampp\htdocs\letovi\index.php on line 57
[07-Jul-2021 09:07:54 Europe/Berlin] PHP Warning:  count(): Parameter must be an array or an object that implements Countable in C:\xampp\htdocs\letovi\index.php on line 57
[07-Jul-2021 09:08:19 Europe/Berlin] PHP Warning:  count(): Parameter must be an array or an object that implements Countable in C:\xampp\htdocs\letovi\index.php on line 57
[07-Jul-2021 09:08:20 Europe/Berlin] PHP Warning:  count(): Parameter must be an array or an object that implements Countable in C:\xampp\htdocs\letovi\index.php on line 57
[07-Jul-2021 09:08:45 Europe/Berlin] PHP Warning:  count(): Parameter must be an array or an object that implements Countable in C:\xampp\htdocs\letovi\index.php on line 57
